[debug] [2023-03-01T19:21:58.501Z] ----------------------------------------------------------------------
[debug] [2023-03-01T19:21:58.502Z] Command:       /usr/local/bin/node /usr/local/bin/firebase init
[debug] [2023-03-01T19:21:58.503Z] CLI Version:   11.24.0
[debug] [2023-03-01T19:21:58.503Z] Platform:      darwin
[debug] [2023-03-01T19:21:58.503Z] Node Version:  v18.12.1
[debug] [2023-03-01T19:21:58.503Z] Time:          Wed Mar 01 2023 13:21:58 GMT-0600 (Central Standard Time)
[debug] [2023-03-01T19:21:58.503Z] ----------------------------------------------------------------------
[debug] 
[debug] [2023-03-01T19:21:58.505Z] >>> [apiv2][query] GET https://firebase-public.firebaseio.com/cli.json [none]
[debug] [2023-03-01T19:21:58.523Z] > command requires scopes: ["email","openid","https://www.googleapis.com/auth/cloudplatformprojects.readonly","https://www.googleapis.com/auth/firebase","https://www.googleapis.com/auth/cloud-platform"]
[debug] [2023-03-01T19:21:58.523Z] > authorizing via signed-in user (mminnthiha03@gmail.com)
[info] 
     ######## #### ########  ######## ########     ###     ######  ########
     ##        ##  ##     ## ##       ##     ##  ##   ##  ##       ##
     ######    ##  ########  ######   ########  #########  ######  ######
     ##        ##  ##    ##  ##       ##     ## ##     ##       ## ##
     ##       #### ##     ## ######## ########  ##     ##  ######  ########

You're about to initialize a Firebase project in this directory:

  /Users/tha/Documents/Coding/projects/psite/portsite

[debug] [2023-03-01T19:21:58.665Z] <<< [apiv2][status] GET https://firebase-public.firebaseio.com/cli.json 200
[debug] [2023-03-01T19:21:58.665Z] <<< [apiv2][body] GET https://firebase-public.firebaseio.com/cli.json {"cloudBuildErrorAfter":1594252800000,"cloudBuildWarnAfter":1590019200000,"defaultNode10After":1594252800000,"minVersion":"3.0.5","node8DeploysDisabledAfter":1613390400000,"node8RuntimeDisabledAfter":1615809600000,"node8WarnAfter":1600128000000}
